2015/05/12 15:34:24 [error] [exception.CHttpException.404] exception 'CHttpException' with message 'Unable to resolve the request "user/number/null".' in C:\xampp\htdocs\bloodDonationApp\protected\framework\web\CWebApplication.php:286
Stack trace:
#0 C:\xampp\htdocs\bloodDonationApp\protected\framework\web\CWebApplication.php(141): CWebApplication->runController('user/number/nul...')
#1 C:\xampp\htdocs\bloodDonationApp\protected\framework\base\CApplication.php(169): CWebApplication->processRequest()
#2 C:\xampp\htdocs\bloodDonationApp\index.php(13): CApplication->run()
#3 {main}
REQUEST_URI=/bloodDonationApp/index.php/user/number/null
HTTP_REFERER=http://localhost/bloodDonationApp/bdUi1/index.php
---
2015/05/12 15:35:39 [error] [exception.CHttpException.404] exception 'CHttpException' with message 'Unable to resolve the request "user/number/null".' in C:\xampp\htdocs\bloodDonationApp\protected\framework\web\CWebApplication.php:286
Stack trace:
#0 C:\xampp\htdocs\bloodDonationApp\protected\framework\web\CWebApplication.php(141): CWebApplication->runController('user/number/nul...')
#1 C:\xampp\htdocs\bloodDonationApp\protected\framework\base\CApplication.php(169): CWebApplication->processRequest()
#2 C:\xampp\htdocs\bloodDonationApp\index.php(13): CApplication->run()
#3 {main}
REQUEST_URI=/bloodDonationApp/index.php/user/number/null
HTTP_REFERER=http://localhost/bloodDonationApp/bdUi1/index.php
---
2015/05/12 15:36:06 [error] [exception.CHttpException.404] exception 'CHttpException' with message 'Unable to resolve the request "user/number/null".' in C:\xampp\htdocs\bloodDonationApp\protected\framework\web\CWebApplication.php:286
Stack trace:
#0 C:\xampp\htdocs\bloodDonationApp\protected\framework\web\CWebApplication.php(141): CWebApplication->runController('user/number/nul...')
#1 C:\xampp\htdocs\bloodDonationApp\protected\framework\base\CApplication.php(169): CWebApplication->processRequest()
#2 C:\xampp\htdocs\bloodDonationApp\index.php(13): CApplication->run()
#3 {main}
REQUEST_URI=/bloodDonationApp/index.php/user/number/null
HTTP_REFERER=http://localhost/bloodDonationApp/bdUi1/index.php
---
2015/05/12 15:38:44 [error] [exception.CHttpException.404] exception 'CHttpException' with message 'Unable to resolve the request "user/number/null".' in C:\xampp\htdocs\bloodDonationApp\protected\framework\web\CWebApplication.php:286
Stack trace:
#0 C:\xampp\htdocs\bloodDonationApp\protected\framework\web\CWebApplication.php(141): CWebApplication->runController('user/number/nul...')
#1 C:\xampp\htdocs\bloodDonationApp\protected\framework\base\CApplication.php(169): CWebApplication->processRequest()
#2 C:\xampp\htdocs\bloodDonationApp\index.php(13): CApplication->run()
#3 {main}
REQUEST_URI=/bloodDonationApp/index.php/user/number/null
HTTP_REFERER=http://localhost/bloodDonationApp/bdUi1/index.php
---
2015/05/12 15:38:53 [error] [exception.CHttpException.404] exception 'CHttpException' with message 'Unable to resolve the request "user/number/null".' in C:\xampp\htdocs\bloodDonationApp\protected\framework\web\CWebApplication.php:286
Stack trace:
#0 C:\xampp\htdocs\bloodDonationApp\protected\framework\web\CWebApplication.php(141): CWebApplication->runController('user/number/nul...')
#1 C:\xampp\htdocs\bloodDonationApp\protected\framework\base\CApplication.php(169): CWebApplication->processRequest()
#2 C:\xampp\htdocs\bloodDonationApp\index.php(13): CApplication->run()
#3 {main}
REQUEST_URI=/bloodDonationApp/index.php/user/number/null
HTTP_REFERER=http://localhost/bloodDonationApp/bdUi1/index.php
---
2015/05/12 15:38:57 [error] [exception.CHttpException.404] exception 'CHttpException' with message 'Unable to resolve the request "user/number/null".' in C:\xampp\htdocs\bloodDonationApp\protected\framework\web\CWebApplication.php:286
Stack trace:
#0 C:\xampp\htdocs\bloodDonationApp\protected\framework\web\CWebApplication.php(141): CWebApplication->runController('user/number/nul...')
#1 C:\xampp\htdocs\bloodDonationApp\protected\framework\base\CApplication.php(169): CWebApplication->processRequest()
#2 C:\xampp\htdocs\bloodDonationApp\index.php(13): CApplication->run()
#3 {main}
REQUEST_URI=/bloodDonationApp/index.php/user/number/null
HTTP_REFERER=http://localhost/bloodDonationApp/bdUi1/index.php
---
2015/05/12 15:39:02 [error] [exception.CHttpException.404] exception 'CHttpException' with message 'Unable to resolve the request "user/number/null".' in C:\xampp\htdocs\bloodDonationApp\protected\framework\web\CWebApplication.php:286
Stack trace:
#0 C:\xampp\htdocs\bloodDonationApp\protected\framework\web\CWebApplication.php(141): CWebApplication->runController('user/number/nul...')
#1 C:\xampp\htdocs\bloodDonationApp\protected\framework\base\CApplication.php(169): CWebApplication->processRequest()
#2 C:\xampp\htdocs\bloodDonationApp\index.php(13): CApplication->run()
#3 {main}
REQUEST_URI=/bloodDonationApp/index.php/user/number/null
HTTP_REFERER=http://localhost/bloodDonationApp/bdUi1/index.php
---
2015/05/12 15:41:11 [error] [exception.CHttpException.404] exception 'CHttpException' with message 'Unable to resolve the request "user/number/null".' in C:\xampp\htdocs\bloodDonationApp\protected\framework\web\CWebApplication.php:286
Stack trace:
#0 C:\xampp\htdocs\bloodDonationApp\protected\framework\web\CWebApplication.php(141): CWebApplication->runController('user/number/nul...')
#1 C:\xampp\htdocs\bloodDonationApp\protected\framework\base\CApplication.php(169): CWebApplication->processRequest()
#2 C:\xampp\htdocs\bloodDonationApp\index.php(13): CApplication->run()
#3 {main}
REQUEST_URI=/bloodDonationApp/index.php/user/number/null
HTTP_REFERER=http://localhost/bloodDonationApp/bdUi1/index.php
---
2015/05/12 15:41:19 [error] [exception.CHttpException.404] exception 'CHttpException' with message 'Unable to resolve the request "user/number/null".' in C:\xampp\htdocs\bloodDonationApp\protected\framework\web\CWebApplication.php:286
Stack trace:
#0 C:\xampp\htdocs\bloodDonationApp\protected\framework\web\CWebApplication.php(141): CWebApplication->runController('user/number/nul...')
#1 C:\xampp\htdocs\bloodDonationApp\protected\framework\base\CApplication.php(169): CWebApplication->processRequest()
#2 C:\xampp\htdocs\bloodDonationApp\index.php(13): CApplication->run()
#3 {main}
REQUEST_URI=/bloodDonationApp/index.php/user/number/null
HTTP_REFERER=http://localhost/bloodDonationApp/bdUi1/index.php
---
2015/05/12 15:41:22 [error] [exception.CHttpException.404] exception 'CHttpException' with message 'Unable to resolve the request "user/number/null".' in C:\xampp\htdocs\bloodDonationApp\protected\framework\web\CWebApplication.php:286
Stack trace:
#0 C:\xampp\htdocs\bloodDonationApp\protected\framework\web\CWebApplication.php(141): CWebApplication->runController('user/number/nul...')
#1 C:\xampp\htdocs\bloodDonationApp\protected\framework\base\CApplication.php(169): CWebApplication->processRequest()
#2 C:\xampp\htdocs\bloodDonationApp\index.php(13): CApplication->run()
#3 {main}
REQUEST_URI=/bloodDonationApp/index.php/user/number/null
HTTP_REFERER=http://localhost/bloodDonationApp/bdUi1/index.php
---
2015/05/12 15:43:30 [error] [exception.CHttpException.404] exception 'CHttpException' with message 'Unable to resolve the request "user/number/null".' in C:\xampp\htdocs\bloodDonationApp\protected\framework\web\CWebApplication.php:286
Stack trace:
#0 C:\xampp\htdocs\bloodDonationApp\protected\framework\web\CWebApplication.php(141): CWebApplication->runController('user/number/nul...')
#1 C:\xampp\htdocs\bloodDonationApp\protected\framework\base\CApplication.php(169): CWebApplication->processRequest()
#2 C:\xampp\htdocs\bloodDonationApp\index.php(13): CApplication->run()
#3 {main}
REQUEST_URI=/bloodDonationApp/index.php/user/number/null
HTTP_REFERER=http://localhost/bloodDonationApp/bdUi1/index.php
---
2015/05/12 15:43:33 [error] [exception.CHttpException.404] exception 'CHttpException' with message 'Unable to resolve the request "user/number/null".' in C:\xampp\htdocs\bloodDonationApp\protected\framework\web\CWebApplication.php:286
Stack trace:
#0 C:\xampp\htdocs\bloodDonationApp\protected\framework\web\CWebApplication.php(141): CWebApplication->runController('user/number/nul...')
#1 C:\xampp\htdocs\bloodDonationApp\protected\framework\base\CApplication.php(169): CWebApplication->processRequest()
#2 C:\xampp\htdocs\bloodDonationApp\index.php(13): CApplication->run()
#3 {main}
REQUEST_URI=/bloodDonationApp/index.php/user/number/null
HTTP_REFERER=http://localhost/bloodDonationApp/bdUi1/index.php
---
2015/05/12 15:44:42 [error] [exception.CHttpException.404] exception 'CHttpException' with message 'Unable to resolve the request "user/number/null".' in C:\xampp\htdocs\bloodDonationApp\protected\framework\web\CWebApplication.php:286
Stack trace:
#0 C:\xampp\htdocs\bloodDonationApp\protected\framework\web\CWebApplication.php(141): CWebApplication->runController('user/number/nul...')
#1 C:\xampp\htdocs\bloodDonationApp\protected\framework\base\CApplication.php(169): CWebApplication->processRequest()
#2 C:\xampp\htdocs\bloodDonationApp\index.php(13): CApplication->run()
#3 {main}
REQUEST_URI=/bloodDonationApp/index.php/user/number/null
HTTP_REFERER=http://localhost/bloodDonationApp/bdUi1/index.php
---
2015/05/12 16:16:40 [error] [exception.CHttpException.404] exception 'CHttpException' with message 'Unable to resolve the request "user/number/null".' in C:\xampp\htdocs\bloodDonationApp\protected\framework\web\CWebApplication.php:286
Stack trace:
#0 C:\xampp\htdocs\bloodDonationApp\protected\framework\web\CWebApplication.php(141): CWebApplication->runController('user/number/nul...')
#1 C:\xampp\htdocs\bloodDonationApp\protected\framework\base\CApplication.php(169): CWebApplication->processRequest()
#2 C:\xampp\htdocs\bloodDonationApp\index.php(13): CApplication->run()
#3 {main}
REQUEST_URI=/bloodDonationApp/index.php/user/number/null
HTTP_REFERER=http://localhost/bloodDonationApp/bdUi1/index.php
---
2015/05/12 16:17:30 [error] [exception.CHttpException.404] exception 'CHttpException' with message 'Unable to resolve the request "user/number/null".' in C:\xampp\htdocs\bloodDonationApp\protected\framework\web\CWebApplication.php:286
Stack trace:
#0 C:\xampp\htdocs\bloodDonationApp\protected\framework\web\CWebApplication.php(141): CWebApplication->runController('user/number/nul...')
#1 C:\xampp\htdocs\bloodDonationApp\protected\framework\base\CApplication.php(169): CWebApplication->processRequest()
#2 C:\xampp\htdocs\bloodDonationApp\index.php(13): CApplication->run()
#3 {main}
REQUEST_URI=/bloodDonationApp/index.php/user/number/null
HTTP_REFERER=http://localhost/bloodDonationApp/bdUi1/index.php
---
2015/05/12 16:18:17 [error] [exception.CHttpException.404] exception 'CHttpException' with message 'Unable to resolve the request "user/number/null".' in C:\xampp\htdocs\bloodDonationApp\protected\framework\web\CWebApplication.php:286
Stack trace:
#0 C:\xampp\htdocs\bloodDonationApp\protected\framework\web\CWebApplication.php(141): CWebApplication->runController('user/number/nul...')
#1 C:\xampp\htdocs\bloodDonationApp\protected\framework\base\CApplication.php(169): CWebApplication->processRequest()
#2 C:\xampp\htdocs\bloodDonationApp\index.php(13): CApplication->run()
#3 {main}
REQUEST_URI=/bloodDonationApp/index.php/user/number/null
HTTP_REFERER=http://localhost/bloodDonationApp/bdUi1/
---
2015/05/12 16:19:39 [error] [exception.CHttpException.404] exception 'CHttpException' with message 'Unable to resolve the request "user/number/null".' in C:\xampp\htdocs\bloodDonationApp\protected\framework\web\CWebApplication.php:286
Stack trace:
#0 C:\xampp\htdocs\bloodDonationApp\protected\framework\web\CWebApplication.php(141): CWebApplication->runController('user/number/nul...')
#1 C:\xampp\htdocs\bloodDonationApp\protected\framework\base\CApplication.php(169): CWebApplication->processRequest()
#2 C:\xampp\htdocs\bloodDonationApp\index.php(13): CApplication->run()
#3 {main}
REQUEST_URI=/bloodDonationApp/index.php/user/number/null
HTTP_REFERER=http://localhost/bloodDonationApp/bdUi1/
---
2015/05/12 16:19:55 [error] [exception.CHttpException.404] exception 'CHttpException' with message 'Unable to resolve the request "user/number/null".' in C:\xampp\htdocs\bloodDonationApp\protected\framework\web\CWebApplication.php:286
Stack trace:
#0 C:\xampp\htdocs\bloodDonationApp\protected\framework\web\CWebApplication.php(141): CWebApplication->runController('user/number/nul...')
#1 C:\xampp\htdocs\bloodDonationApp\protected\framework\base\CApplication.php(169): CWebApplication->processRequest()
#2 C:\xampp\htdocs\bloodDonationApp\index.php(13): CApplication->run()
#3 {main}
REQUEST_URI=/bloodDonationApp/index.php/user/number/null
HTTP_REFERER=http://localhost/bloodDonationApp/bdUi1/edit-admin.php
---
2015/05/12 16:23:15 [error] [exception.CHttpException.404] exception 'CHttpException' with message 'Unable to resolve the request "user/number/null".' in C:\xampp\htdocs\bloodDonationApp\protected\framework\web\CWebApplication.php:286
Stack trace:
#0 C:\xampp\htdocs\bloodDonationApp\protected\framework\web\CWebApplication.php(141): CWebApplication->runController('user/number/nul...')
#1 C:\xampp\htdocs\bloodDonationApp\protected\framework\base\CApplication.php(169): CWebApplication->processRequest()
#2 C:\xampp\htdocs\bloodDonationApp\index.php(13): CApplication->run()
#3 {main}
REQUEST_URI=/bloodDonationApp/index.php/user/number/null
HTTP_REFERER=http://localhost/bloodDonationApp/bdUi1/edit-admin.php
---
2015/05/12 16:23:54 [error] [exception.CHttpException.404] exception 'CHttpException' with message 'Unable to resolve the request "user/number/null".' in C:\xampp\htdocs\bloodDonationApp\protected\framework\web\CWebApplication.php:286
Stack trace:
#0 C:\xampp\htdocs\bloodDonationApp\protected\framework\web\CWebApplication.php(141): CWebApplication->runController('user/number/nul...')
#1 C:\xampp\htdocs\bloodDonationApp\protected\framework\base\CApplication.php(169): CWebApplication->processRequest()
#2 C:\xampp\htdocs\bloodDonationApp\index.php(13): CApplication->run()
#3 {main}
REQUEST_URI=/bloodDonationApp/index.php/user/number/null
HTTP_REFERER=http://localhost/bloodDonationApp/bdUi1/edit-admin.php
---
2015/05/12 16:26:45 [error] [exception.CHttpException.404] exception 'CHttpException' with message 'Unable to resolve the request "user/number/null".' in C:\xampp\htdocs\bloodDonationApp\protected\framework\web\CWebApplication.php:286
Stack trace:
#0 C:\xampp\htdocs\bloodDonationApp\protected\framework\web\CWebApplication.php(141): CWebApplication->runController('user/number/nul...')
#1 C:\xampp\htdocs\bloodDonationApp\protected\framework\base\CApplication.php(169): CWebApplication->processRequest()
#2 C:\xampp\htdocs\bloodDonationApp\index.php(13): CApplication->run()
#3 {main}
REQUEST_URI=/bloodDonationApp/index.php/user/number/null
HTTP_REFERER=http://localhost/bloodDonationApp/bdUi1/
---
2015/05/12 16:27:24 [error] [exception.CHttpException.404] exception 'CHttpException' with message 'Unable to resolve the request "user/number/null".' in C:\xampp\htdocs\bloodDonationApp\protected\framework\web\CWebApplication.php:286
Stack trace:
#0 C:\xampp\htdocs\bloodDonationApp\protected\framework\web\CWebApplication.php(141): CWebApplication->runController('user/number/nul...')
#1 C:\xampp\htdocs\bloodDonationApp\protected\framework\base\CApplication.php(169): CWebApplication->processRequest()
#2 C:\xampp\htdocs\bloodDonationApp\index.php(13): CApplication->run()
#3 {main}
REQUEST_URI=/bloodDonationApp/index.php/user/number/null
HTTP_REFERER=http://localhost/bloodDonationApp/bdUi1/
---
2015/05/12 16:31:53 [error] [exception.CHttpException.404] exception 'CHttpException' with message 'Unable to resolve the request "user/number/null".' in C:\xampp\htdocs\bloodDonationApp\protected\framework\web\CWebApplication.php:286
Stack trace:
#0 C:\xampp\htdocs\bloodDonationApp\protected\framework\web\CWebApplication.php(141): CWebApplication->runController('user/number/nul...')
#1 C:\xampp\htdocs\bloodDonationApp\protected\framework\base\CApplication.php(169): CWebApplication->processRequest()
#2 C:\xampp\htdocs\bloodDonationApp\index.php(13): CApplication->run()
#3 {main}
REQUEST_URI=/bloodDonationApp/index.php/user/number/null
HTTP_REFERER=http://localhost/bloodDonationApp/bdUi1/index.php
---
2015/05/12 16:32:40 [error] [exception.CHttpException.404] exception 'CHttpException' with message 'Unable to resolve the request "user/number/null".' in C:\xampp\htdocs\bloodDonationApp\protected\framework\web\CWebApplication.php:286
Stack trace:
#0 C:\xampp\htdocs\bloodDonationApp\protected\framework\web\CWebApplication.php(141): CWebApplication->runController('user/number/nul...')
#1 C:\xampp\htdocs\bloodDonationApp\protected\framework\base\CApplication.php(169): CWebApplication->processRequest()
#2 C:\xampp\htdocs\bloodDonationApp\index.php(13): CApplication->run()
#3 {main}
REQUEST_URI=/bloodDonationApp/index.php/user/number/null
HTTP_REFERER=http://localhost/bloodDonationApp/bdUi1/index.php
---
2015/05/12 16:49:31 [error] [exception.CHttpException.404] exception 'CHttpException' with message 'Unable to resolve the request "user/number/null".' in C:\xampp\htdocs\bloodDonationApp\protected\framework\web\CWebApplication.php:286
Stack trace:
#0 C:\xampp\htdocs\bloodDonationApp\protected\framework\web\CWebApplication.php(141): CWebApplication->runController('user/number/nul...')
#1 C:\xampp\htdocs\bloodDonationApp\protected\framework\base\CApplication.php(169): CWebApplication->processRequest()
#2 C:\xampp\htdocs\bloodDonationApp\index.php(13): CApplication->run()
#3 {main}
REQUEST_URI=/bloodDonationApp/index.php/user/number/null
HTTP_REFERER=http://localhost/bloodDonationApp/bdUi1/index.php
---
2015/05/12 16:51:21 [error] [exception.CHttpException.404] exception 'CHttpException' with message 'Unable to resolve the request "user/number/null".' in C:\xampp\htdocs\bloodDonationApp\protected\framework\web\CWebApplication.php:286
Stack trace:
#0 C:\xampp\htdocs\bloodDonationApp\protected\framework\web\CWebApplication.php(141): CWebApplication->runController('user/number/nul...')
#1 C:\xampp\htdocs\bloodDonationApp\protected\framework\base\CApplication.php(169): CWebApplication->processRequest()
#2 C:\xampp\htdocs\bloodDonationApp\index.php(13): CApplication->run()
#3 {main}
REQUEST_URI=/bloodDonationApp/index.php/user/number/null
HTTP_REFERER=http://localhost/bloodDonationApp/bdUi1/index.php
---
2015/05/12 16:52:14 [error] [exception.CHttpException.404] exception 'CHttpException' with message 'Unable to resolve the request "user/number/null".' in C:\xampp\htdocs\bloodDonationApp\protected\framework\web\CWebApplication.php:286
Stack trace:
#0 C:\xampp\htdocs\bloodDonationApp\protected\framework\web\CWebApplication.php(141): CWebApplication->runController('user/number/nul...')
#1 C:\xampp\htdocs\bloodDonationApp\protected\framework\base\CApplication.php(169): CWebApplication->processRequest()
#2 C:\xampp\htdocs\bloodDonationApp\index.php(13): CApplication->run()
#3 {main}
REQUEST_URI=/bloodDonationApp/index.php/user/number/null
HTTP_REFERER=http://localhost/bloodDonationApp/bdUi1/index.php
---
2015/05/12 16:55:42 [error] [exception.CHttpException.404] exception 'CHttpException' with message 'Unable to resolve the request "user/number/null".' in C:\xampp\htdocs\bloodDonationApp\protected\framework\web\CWebApplication.php:286
Stack trace:
#0 C:\xampp\htdocs\bloodDonationApp\protected\framework\web\CWebApplication.php(141): CWebApplication->runController('user/number/nul...')
#1 C:\xampp\htdocs\bloodDonationApp\protected\framework\base\CApplication.php(169): CWebApplication->processRequest()
#2 C:\xampp\htdocs\bloodDonationApp\index.php(13): CApplication->run()
#3 {main}
REQUEST_URI=/bloodDonationApp/index.php/user/number/null
HTTP_REFERER=http://localhost/bloodDonationApp/bdUi1/index.php
---
2015/05/12 16:55:50 [error] [exception.CHttpException.404] exception 'CHttpException' with message 'Unable to resolve the request "user/number/null".' in C:\xampp\htdocs\bloodDonationApp\protected\framework\web\CWebApplication.php:286
Stack trace:
#0 C:\xampp\htdocs\bloodDonationApp\protected\framework\web\CWebApplication.php(141): CWebApplication->runController('user/number/nul...')
#1 C:\xampp\htdocs\bloodDonationApp\protected\framework\base\CApplication.php(169): CWebApplication->processRequest()
#2 C:\xampp\htdocs\bloodDonationApp\index.php(13): CApplication->run()
#3 {main}
REQUEST_URI=/bloodDonationApp/index.php/user/number/null
HTTP_REFERER=http://localhost/bloodDonationApp/bdUi1/index.php
---
2015/05/12 16:56:19 [error] [exception.CHttpException.404] exception 'CHttpException' with message 'Unable to resolve the request "user/number/null".' in C:\xampp\htdocs\bloodDonationApp\protected\framework\web\CWebApplication.php:286
Stack trace:
#0 C:\xampp\htdocs\bloodDonationApp\protected\framework\web\CWebApplication.php(141): CWebApplication->runController('user/number/nul...')
#1 C:\xampp\htdocs\bloodDonationApp\protected\framework\base\CApplication.php(169): CWebApplication->processRequest()
#2 C:\xampp\htdocs\bloodDonationApp\index.php(13): CApplication->run()
#3 {main}
REQUEST_URI=/bloodDonationApp/index.php/user/number/null
HTTP_REFERER=http://localhost/bloodDonationApp/bdUi1/index.php
---
2015/05/12 16:59:52 [error] [exception.CHttpException.404] exception 'CHttpException' with message 'Unable to resolve the request "user/number/null".' in C:\xampp\htdocs\bloodDonationApp\protected\framework\web\CWebApplication.php:286
Stack trace:
#0 C:\xampp\htdocs\bloodDonationApp\protected\framework\web\CWebApplication.php(141): CWebApplication->runController('user/number/nul...')
#1 C:\xampp\htdocs\bloodDonationApp\protected\framework\base\CApplication.php(169): CWebApplication->processRequest()
#2 C:\xampp\htdocs\bloodDonationApp\index.php(13): CApplication->run()
#3 {main}
REQUEST_URI=/bloodDonationApp/index.php/user/number/null
HTTP_REFERER=http://localhost/bloodDonationApp/bdUi1/index.php
---
2015/05/12 17:01:02 [error] [exception.CHttpException.404] exception 'CHttpException' with message 'Unable to resolve the request "user/number/null".' in C:\xampp\htdocs\bloodDonationApp\protected\framework\web\CWebApplication.php:286
Stack trace:
#0 C:\xampp\htdocs\bloodDonationApp\protected\framework\web\CWebApplication.php(141): CWebApplication->runController('user/number/nul...')
#1 C:\xampp\htdocs\bloodDonationApp\protected\framework\base\CApplication.php(169): CWebApplication->processRequest()
#2 C:\xampp\htdocs\bloodDonationApp\index.php(13): CApplication->run()
#3 {main}
REQUEST_URI=/bloodDonationApp/index.php/user/number/null
HTTP_REFERER=http://localhost/bloodDonationApp/bdUi1/index.php
---
2015/05/12 17:02:05 [error] [exception.CHttpException.404] exception 'CHttpException' with message 'Unable to resolve the request "user/number/null".' in C:\xampp\htdocs\bloodDonationApp\protected\framework\web\CWebApplication.php:286
Stack trace:
#0 C:\xampp\htdocs\bloodDonationApp\protected\framework\web\CWebApplication.php(141): CWebApplication->runController('user/number/nul...')
#1 C:\xampp\htdocs\bloodDonationApp\protected\framework\base\CApplication.php(169): CWebApplication->processRequest()
#2 C:\xampp\htdocs\bloodDonationApp\index.php(13): CApplication->run()
#3 {main}
REQUEST_URI=/bloodDonationApp/index.php/user/number/null
HTTP_REFERER=http://localhost/bloodDonationApp/bdUi1/index.php
---
2015/05/13 06:56:06 [error] [exception.CHttpException.404] exception 'CHttpException' with message 'Unable to resolve the request "user/number/null".' in C:\xampp\htdocs\bloodDonationApp\protected\framework\web\CWebApplication.php:286
Stack trace:
#0 C:\xampp\htdocs\bloodDonationApp\protected\framework\web\CWebApplication.php(141): CWebApplication->runController('user/number/nul...')
#1 C:\xampp\htdocs\bloodDonationApp\protected\framework\base\CApplication.php(169): CWebApplication->processRequest()
#2 C:\xampp\htdocs\bloodDonationApp\index.php(13): CApplication->run()
#3 {main}
REQUEST_URI=/bloodDonationApp/index.php/user/number/null
HTTP_REFERER=http://localhost/bloodDonationApp/bdUi1/index.php
---
2015/05/13 07:03:58 [error] [exception.CHttpException.404] exception 'CHttpException' with message 'Unable to resolve the request "user/number/null".' in C:\xampp\htdocs\bloodDonationApp\protected\framework\web\CWebApplication.php:286
Stack trace:
#0 C:\xampp\htdocs\bloodDonationApp\protected\framework\web\CWebApplication.php(141): CWebApplication->runController('user/number/nul...')
#1 C:\xampp\htdocs\bloodDonationApp\protected\framework\base\CApplication.php(169): CWebApplication->processRequest()
#2 C:\xampp\htdocs\bloodDonationApp\index.php(13): CApplication->run()
#3 {main}
REQUEST_URI=/bloodDonationApp/index.php/user/number/null
HTTP_REFERER=http://localhost/bloodDonationApp/bdUi1/index.php
---
2015/05/13 07:18:17 [error] [exception.CHttpException.404] exception 'CHttpException' with message 'Unable to resolve the request "user/number/null".' in C:\xampp\htdocs\bloodDonationApp\protected\framework\web\CWebApplication.php:286
Stack trace:
#0 C:\xampp\htdocs\bloodDonationApp\protected\framework\web\CWebApplication.php(141): CWebApplication->runController('user/number/nul...')
#1 C:\xampp\htdocs\bloodDonationApp\protected\framework\base\CApplication.php(169): CWebApplication->processRequest()
#2 C:\xampp\htdocs\bloodDonationApp\index.php(13): CApplication->run()
#3 {main}
REQUEST_URI=/bloodDonationApp/index.php/user/number/null
HTTP_REFERER=http://localhost/bloodDonationApp/bdUi1/index.php
---
2015/05/13 07:22:46 [error] [exception.CHttpException.404] exception 'CHttpException' with message 'Unable to resolve the request "user/number/null".' in C:\xampp\htdocs\bloodDonationApp\protected\framework\web\CWebApplication.php:286
Stack trace:
#0 C:\xampp\htdocs\bloodDonationApp\protected\framework\web\CWebApplication.php(141): CWebApplication->runController('user/number/nul...')
#1 C:\xampp\htdocs\bloodDonationApp\protected\framework\base\CApplication.php(169): CWebApplication->processRequest()
#2 C:\xampp\htdocs\bloodDonationApp\index.php(13): CApplication->run()
#3 {main}
REQUEST_URI=/bloodDonationApp/index.php/user/number/null
HTTP_REFERER=http://localhost/bloodDonationApp/bdUi1/index.php
---
2015/05/13 07:25:10 [error] [exception.CHttpException.404] exception 'CHttpException' with message 'Unable to resolve the request "user/number/null".' in C:\xampp\htdocs\bloodDonationApp\protected\framework\web\CWebApplication.php:286
Stack trace:
#0 C:\xampp\htdocs\bloodDonationApp\protected\framework\web\CWebApplication.php(141): CWebApplication->runController('user/number/nul...')
#1 C:\xampp\htdocs\bloodDonationApp\protected\framework\base\CApplication.php(169): CWebApplication->processRequest()
#2 C:\xampp\htdocs\bloodDonationApp\index.php(13): CApplication->run()
#3 {main}
REQUEST_URI=/bloodDonationApp/index.php/user/number/null
HTTP_REFERER=http://localhost/bloodDonationApp/bdUi1/index.php
---
2015/05/13 07:40:21 [error] [exception.CHttpException.404] exception 'CHttpException' with message 'Unable to resolve the request "user/number/null".' in C:\xampp\htdocs\bloodDonationApp\protected\framework\web\CWebApplication.php:286
Stack trace:
#0 C:\xampp\htdocs\bloodDonationApp\protected\framework\web\CWebApplication.php(141): CWebApplication->runController('user/number/nul...')
#1 C:\xampp\htdocs\bloodDonationApp\protected\framework\base\CApplication.php(169): CWebApplication->processRequest()
#2 C:\xampp\htdocs\bloodDonationApp\index.php(13): CApplication->run()
#3 {main}
REQUEST_URI=/bloodDonationApp/index.php/user/number/null
HTTP_REFERER=http://localhost/bloodDonationApp/bdUi1/index.php
---
2015/05/13 07:42:09 [error] [exception.CHttpException.404] exception 'CHttpException' with message 'Unable to resolve the request "user/number/null".' in C:\xampp\htdocs\bloodDonationApp\protected\framework\web\CWebApplication.php:286
Stack trace:
#0 C:\xampp\htdocs\bloodDonationApp\protected\framework\web\CWebApplication.php(141): CWebApplication->runController('user/number/nul...')
#1 C:\xampp\htdocs\bloodDonationApp\protected\framework\base\CApplication.php(169): CWebApplication->processRequest()
#2 C:\xampp\htdocs\bloodDonationApp\index.php(13): CApplication->run()
#3 {main}
REQUEST_URI=/bloodDonationApp/index.php/user/number/null
HTTP_REFERER=http://localhost/bloodDonationApp/bdUi1/index.php
---
2015/05/13 07:43:24 [error] [exception.CHttpException.404] exception 'CHttpException' with message 'Unable to resolve the request "user/number/null".' in C:\xampp\htdocs\bloodDonationApp\protected\framework\web\CWebApplication.php:286
Stack trace:
#0 C:\xampp\htdocs\bloodDonationApp\protected\framework\web\CWebApplication.php(141): CWebApplication->runController('user/number/nul...')
#1 C:\xampp\htdocs\bloodDonationApp\protected\framework\base\CApplication.php(169): CWebApplication->processRequest()
#2 C:\xampp\htdocs\bloodDonationApp\index.php(13): CApplication->run()
#3 {main}
REQUEST_URI=/bloodDonationApp/index.php/user/number/null
HTTP_REFERER=http://localhost/bloodDonationApp/bdUi1/index.php
---
2015/05/13 07:44:49 [error] [exception.CHttpException.404] exception 'CHttpException' with message 'Unable to resolve the request "user/number/null".' in C:\xampp\htdocs\bloodDonationApp\protected\framework\web\CWebApplication.php:286
Stack trace:
#0 C:\xampp\htdocs\bloodDonationApp\protected\framework\web\CWebApplication.php(141): CWebApplication->runController('user/number/nul...')
#1 C:\xampp\htdocs\bloodDonationApp\protected\framework\base\CApplication.php(169): CWebApplication->processRequest()
#2 C:\xampp\htdocs\bloodDonationApp\index.php(13): CApplication->run()
#3 {main}
REQUEST_URI=/bloodDonationApp/index.php/user/number/null
HTTP_REFERER=http://localhost/bloodDonationApp/bdUi1/index.php
---
2015/05/13 07:49:50 [error] [exception.CHttpException.404] exception 'CHttpException' with message 'Unable to resolve the request "user/number/null".' in C:\xampp\htdocs\bloodDonationApp\protected\framework\web\CWebApplication.php:286
Stack trace:
#0 C:\xampp\htdocs\bloodDonationApp\protected\framework\web\CWebApplication.php(141): CWebApplication->runController('user/number/nul...')
#1 C:\xampp\htdocs\bloodDonationApp\protected\framework\base\CApplication.php(169): CWebApplication->processRequest()
#2 C:\xampp\htdocs\bloodDonationApp\index.php(13): CApplication->run()
#3 {main}
REQUEST_URI=/bloodDonationApp/index.php/user/number/null
HTTP_REFERER=http://localhost/bloodDonationApp/bdUi1/index.php
---
2015/05/13 07:51:23 [error] [exception.CHttpException.404] exception 'CHttpException' with message 'Unable to resolve the request "user/number/null".' in C:\xampp\htdocs\bloodDonationApp\protected\framework\web\CWebApplication.php:286
Stack trace:
#0 C:\xampp\htdocs\bloodDonationApp\protected\framework\web\CWebApplication.php(141): CWebApplication->runController('user/number/nul...')
#1 C:\xampp\htdocs\bloodDonationApp\protected\framework\base\CApplication.php(169): CWebApplication->processRequest()
#2 C:\xampp\htdocs\bloodDonationApp\index.php(13): CApplication->run()
#3 {main}
REQUEST_URI=/bloodDonationApp/index.php/user/number/null
HTTP_REFERER=http://localhost/bloodDonationApp/bdUi1/index.php
---
2015/05/13 07:52:59 [error] [exception.CHttpException.404] exception 'CHttpException' with message 'Unable to resolve the request "user/number/null".' in C:\xampp\htdocs\bloodDonationApp\protected\framework\web\CWebApplication.php:286
Stack trace:
#0 C:\xampp\htdocs\bloodDonationApp\protected\framework\web\CWebApplication.php(141): CWebApplication->runController('user/number/nul...')
#1 C:\xampp\htdocs\bloodDonationApp\protected\framework\base\CApplication.php(169): CWebApplication->processRequest()
#2 C:\xampp\htdocs\bloodDonationApp\index.php(13): CApplication->run()
#3 {main}
REQUEST_URI=/bloodDonationApp/index.php/user/number/null
HTTP_REFERER=http://localhost/bloodDonationApp/bdUi1/index.php
---
2015/05/13 07:53:35 [error] [exception.CHttpException.404] exception 'CHttpException' with message 'Unable to resolve the request "user/number/null".' in C:\xampp\htdocs\bloodDonationApp\protected\framework\web\CWebApplication.php:286
Stack trace:
#0 C:\xampp\htdocs\bloodDonationApp\protected\framework\web\CWebApplication.php(141): CWebApplication->runController('user/number/nul...')
#1 C:\xampp\htdocs\bloodDonationApp\protected\framework\base\CApplication.php(169): CWebApplication->processRequest()
#2 C:\xampp\htdocs\bloodDonationApp\index.php(13): CApplication->run()
#3 {main}
REQUEST_URI=/bloodDonationApp/index.php/user/number/null
HTTP_REFERER=http://localhost/bloodDonationApp/bdUi1/index.php
---
2015/05/13 07:55:25 [error] [exception.CHttpException.404] exception 'CHttpException' with message 'Unable to resolve the request "user/number/null".' in C:\xampp\htdocs\bloodDonationApp\protected\framework\web\CWebApplication.php:286
Stack trace:
#0 C:\xampp\htdocs\bloodDonationApp\protected\framework\web\CWebApplication.php(141): CWebApplication->runController('user/number/nul...')
#1 C:\xampp\htdocs\bloodDonationApp\protected\framework\base\CApplication.php(169): CWebApplication->processRequest()
#2 C:\xampp\htdocs\bloodDonationApp\index.php(13): CApplication->run()
#3 {main}
REQUEST_URI=/bloodDonationApp/index.php/user/number/null
HTTP_REFERER=http://localhost/bloodDonationApp/bdUi1/index.php
---
2015/05/13 07:56:07 [error] [exception.CHttpException.404] exception 'CHttpException' with message 'Unable to resolve the request "user/number/null".' in C:\xampp\htdocs\bloodDonationApp\protected\framework\web\CWebApplication.php:286
Stack trace:
#0 C:\xampp\htdocs\bloodDonationApp\protected\framework\web\CWebApplication.php(141): CWebApplication->runController('user/number/nul...')
#1 C:\xampp\htdocs\bloodDonationApp\protected\framework\base\CApplication.php(169): CWebApplication->processRequest()
#2 C:\xampp\htdocs\bloodDonationApp\index.php(13): CApplication->run()
#3 {main}
REQUEST_URI=/bloodDonationApp/index.php/user/number/null
HTTP_REFERER=http://localhost/bloodDonationApp/bdUi1/index.php
---
2015/05/13 07:57:45 [error] [exception.CHttpException.404] exception 'CHttpException' with message 'Unable to resolve the request "user/number/null".' in C:\xampp\htdocs\bloodDonationApp\protected\framework\web\CWebApplication.php:286
Stack trace:
#0 C:\xampp\htdocs\bloodDonationApp\protected\framework\web\CWebApplication.php(141): CWebApplication->runController('user/number/nul...')
#1 C:\xampp\htdocs\bloodDonationApp\protected\framework\base\CApplication.php(169): CWebApplication->processRequest()
#2 C:\xampp\htdocs\bloodDonationApp\index.php(13): CApplication->run()
#3 {main}
REQUEST_URI=/bloodDonationApp/index.php/user/number/null
HTTP_REFERER=http://localhost/bloodDonationApp/bdUi1/index.php
---
2015/05/13 08:08:08 [error] [exception.CHttpException.404] exception 'CHttpException' with message 'Unable to resolve the request "user/number/null".' in C:\xampp\htdocs\bloodDonationApp\protected\framework\web\CWebApplication.php:286
Stack trace:
#0 C:\xampp\htdocs\bloodDonationApp\protected\framework\web\CWebApplication.php(141): CWebApplication->runController('user/number/nul...')
#1 C:\xampp\htdocs\bloodDonationApp\protected\framework\base\CApplication.php(169): CWebApplication->processRequest()
#2 C:\xampp\htdocs\bloodDonationApp\index.php(13): CApplication->run()
#3 {main}
REQUEST_URI=/bloodDonationApp/index.php/user/number/null
HTTP_REFERER=http://localhost/bloodDonationApp/bdUi1/index.php
---
2015/05/13 08:11:21 [error] [exception.CHttpException.404] exception 'CHttpException' with message 'Unable to resolve the request "user/number/null".' in C:\xampp\htdocs\bloodDonationApp\protected\framework\web\CWebApplication.php:286
Stack trace:
#0 C:\xampp\htdocs\bloodDonationApp\protected\framework\web\CWebApplication.php(141): CWebApplication->runController('user/number/nul...')
#1 C:\xampp\htdocs\bloodDonationApp\protected\framework\base\CApplication.php(169): CWebApplication->processRequest()
#2 C:\xampp\htdocs\bloodDonationApp\index.php(13): CApplication->run()
#3 {main}
REQUEST_URI=/bloodDonationApp/index.php/user/number/null
HTTP_REFERER=http://localhost/bloodDonationApp/bdUi1/index.php
---
2015/05/13 08:11:46 [error] [exception.CHttpException.404] exception 'CHttpException' with message 'Unable to resolve the request "user/number/null".' in C:\xampp\htdocs\bloodDonationApp\protected\framework\web\CWebApplication.php:286
Stack trace:
#0 C:\xampp\htdocs\bloodDonationApp\protected\framework\web\CWebApplication.php(141): CWebApplication->runController('user/number/nul...')
#1 C:\xampp\htdocs\bloodDonationApp\protected\framework\base\CApplication.php(169): CWebApplication->processRequest()
#2 C:\xampp\htdocs\bloodDonationApp\index.php(13): CApplication->run()
#3 {main}
REQUEST_URI=/bloodDonationApp/index.php/user/number/null
HTTP_REFERER=http://localhost/bloodDonationApp/bdUi1/index.php
---
2015/05/13 08:13:45 [error] [exception.CHttpException.404] exception 'CHttpException' with message 'Unable to resolve the request "user/number/null".' in C:\xampp\htdocs\bloodDonationApp\protected\framework\web\CWebApplication.php:286
Stack trace:
#0 C:\xampp\htdocs\bloodDonationApp\protected\framework\web\CWebApplication.php(141): CWebApplication->runController('user/number/nul...')
#1 C:\xampp\htdocs\bloodDonationApp\protected\framework\base\CApplication.php(169): CWebApplication->processRequest()
#2 C:\xampp\htdocs\bloodDonationApp\index.php(13): CApplication->run()
#3 {main}
REQUEST_URI=/bloodDonationApp/index.php/user/number/null
HTTP_REFERER=http://localhost/bloodDonationApp/bdUi1/index.php
---
2015/05/13 08:15:05 [error] [exception.CHttpException.404] exception 'CHttpException' with message 'Unable to resolve the request "user/number/null".' in C:\xampp\htdocs\bloodDonationApp\protected\framework\web\CWebApplication.php:286
Stack trace:
#0 C:\xampp\htdocs\bloodDonationApp\protected\framework\web\CWebApplication.php(141): CWebApplication->runController('user/number/nul...')
#1 C:\xampp\htdocs\bloodDonationApp\protected\framework\base\CApplication.php(169): CWebApplication->processRequest()
#2 C:\xampp\htdocs\bloodDonationApp\index.php(13): CApplication->run()
#3 {main}
REQUEST_URI=/bloodDonationApp/index.php/user/number/null
HTTP_REFERER=http://localhost/bloodDonationApp/bdUi1/index.php
---
2015/05/13 08:15:40 [error] [exception.CHttpException.404] exception 'CHttpException' with message 'Unable to resolve the request "user/number/null".' in C:\xampp\htdocs\bloodDonationApp\protected\framework\web\CWebApplication.php:286
Stack trace:
#0 C:\xampp\htdocs\bloodDonationApp\protected\framework\web\CWebApplication.php(141): CWebApplication->runController('user/number/nul...')
#1 C:\xampp\htdocs\bloodDonationApp\protected\framework\base\CApplication.php(169): CWebApplication->processRequest()
#2 C:\xampp\htdocs\bloodDonationApp\index.php(13): CApplication->run()
#3 {main}
REQUEST_URI=/bloodDonationApp/index.php/user/number/null
HTTP_REFERER=http://localhost/bloodDonationApp/bdUi1/index.php
---
2015/05/13 08:17:21 [error] [exception.CHttpException.404] exception 'CHttpException' with message 'Unable to resolve the request "user/number/null".' in C:\xampp\htdocs\bloodDonationApp\protected\framework\web\CWebApplication.php:286
Stack trace:
#0 C:\xampp\htdocs\bloodDonationApp\protected\framework\web\CWebApplication.php(141): CWebApplication->runController('user/number/nul...')
#1 C:\xampp\htdocs\bloodDonationApp\protected\framework\base\CApplication.php(169): CWebApplication->processRequest()
#2 C:\xampp\htdocs\bloodDonationApp\index.php(13): CApplication->run()
#3 {main}
REQUEST_URI=/bloodDonationApp/index.php/user/number/null
HTTP_REFERER=http://localhost/bloodDonationApp/bdUi1/index.php
---
2015/05/13 08:19:11 [error] [exception.CHttpException.404] exception 'CHttpException' with message 'Unable to resolve the request "user/number/null".' in C:\xampp\htdocs\bloodDonationApp\protected\framework\web\CWebApplication.php:286
Stack trace:
#0 C:\xampp\htdocs\bloodDonationApp\protected\framework\web\CWebApplication.php(141): CWebApplication->runController('user/number/nul...')
#1 C:\xampp\htdocs\bloodDonationApp\protected\framework\base\CApplication.php(169): CWebApplication->processRequest()
#2 C:\xampp\htdocs\bloodDonationApp\index.php(13): CApplication->run()
#3 {main}
REQUEST_URI=/bloodDonationApp/index.php/user/number/null
HTTP_REFERER=http://localhost/bloodDonationApp/bdUi1/index.php
---
2015/05/13 08:19:13 [error] [exception.CHttpException.404] exception 'CHttpException' with message 'Unable to resolve the request "user/number/null".' in C:\xampp\htdocs\bloodDonationApp\protected\framework\web\CWebApplication.php:286
Stack trace:
#0 C:\xampp\htdocs\bloodDonationApp\protected\framework\web\CWebApplication.php(141): CWebApplication->runController('user/number/nul...')
#1 C:\xampp\htdocs\bloodDonationApp\protected\framework\base\CApplication.php(169): CWebApplication->processRequest()
#2 C:\xampp\htdocs\bloodDonationApp\index.php(13): CApplication->run()
#3 {main}
REQUEST_URI=/bloodDonationApp/index.php/user/number/null
HTTP_REFERER=http://localhost/bloodDonationApp/bdUi1/index.php
---
2015/05/13 08:20:17 [error] [exception.CHttpException.404] exception 'CHttpException' with message 'Unable to resolve the request "user/number/null".' in C:\xampp\htdocs\bloodDonationApp\protected\framework\web\CWebApplication.php:286
Stack trace:
#0 C:\xampp\htdocs\bloodDonationApp\protected\framework\web\CWebApplication.php(141): CWebApplication->runController('user/number/nul...')
#1 C:\xampp\htdocs\bloodDonationApp\protected\framework\base\CApplication.php(169): CWebApplication->processRequest()
#2 C:\xampp\htdocs\bloodDonationApp\index.php(13): CApplication->run()
#3 {main}
REQUEST_URI=/bloodDonationApp/index.php/user/number/null
HTTP_REFERER=http://localhost/bloodDonationApp/bdUi1/index.php
---
2015/05/13 08:20:17 [error] [exception.CHttpException.404] exception 'CHttpException' with message 'Unable to resolve the request "user/number/null".' in C:\xampp\htdocs\bloodDonationApp\protected\framework\web\CWebApplication.php:286
Stack trace:
#0 C:\xampp\htdocs\bloodDonationApp\protected\framework\web\CWebApplication.php(141): CWebApplication->runController('user/number/nul...')
#1 C:\xampp\htdocs\bloodDonationApp\protected\framework\base\CApplication.php(169): CWebApplication->processRequest()
#2 C:\xampp\htdocs\bloodDonationApp\index.php(13): CApplication->run()
#3 {main}
REQUEST_URI=/bloodDonationApp/index.php/user/number/null
HTTP_REFERER=http://localhost/bloodDonationApp/bdUi1/index.php
---
2015/05/13 08:22:46 [error] [exception.CHttpException.404] exception 'CHttpException' with message 'Unable to resolve the request "user/number/null".' in C:\xampp\htdocs\bloodDonationApp\protected\framework\web\CWebApplication.php:286
Stack trace:
#0 C:\xampp\htdocs\bloodDonationApp\protected\framework\web\CWebApplication.php(141): CWebApplication->runController('user/number/nul...')
#1 C:\xampp\htdocs\bloodDonationApp\protected\framework\base\CApplication.php(169): CWebApplication->processRequest()
#2 C:\xampp\htdocs\bloodDonationApp\index.php(13): CApplication->run()
#3 {main}
REQUEST_URI=/bloodDonationApp/index.php/user/number/null
HTTP_REFERER=http://localhost/bloodDonationApp/bdUi1/index.php
---
2015/05/13 08:24:15 [error] [exception.CHttpException.404] exception 'CHttpException' with message 'Unable to resolve the request "user/number/null".' in C:\xampp\htdocs\bloodDonationApp\protected\framework\web\CWebApplication.php:286
Stack trace:
#0 C:\xampp\htdocs\bloodDonationApp\protected\framework\web\CWebApplication.php(141): CWebApplication->runController('user/number/nul...')
#1 C:\xampp\htdocs\bloodDonationApp\protected\framework\base\CApplication.php(169): CWebApplication->processRequest()
#2 C:\xampp\htdocs\bloodDonationApp\index.php(13): CApplication->run()
#3 {main}
REQUEST_URI=/bloodDonationApp/index.php/user/number/null
HTTP_REFERER=http://localhost/bloodDonationApp/bdUi1/index.php
---
2015/05/13 08:24:59 [error] [exception.CHttpException.404] exception 'CHttpException' with message 'Unable to resolve the request "user/number/null".' in C:\xampp\htdocs\bloodDonationApp\protected\framework\web\CWebApplication.php:286
Stack trace:
#0 C:\xampp\htdocs\bloodDonationApp\protected\framework\web\CWebApplication.php(141): CWebApplication->runController('user/number/nul...')
#1 C:\xampp\htdocs\bloodDonationApp\protected\framework\base\CApplication.php(169): CWebApplication->processRequest()
#2 C:\xampp\htdocs\bloodDonationApp\index.php(13): CApplication->run()
#3 {main}
REQUEST_URI=/bloodDonationApp/index.php/user/number/null
HTTP_REFERER=http://localhost/bloodDonationApp/bdUi1/index.php
---
2015/05/13 08:31:33 [error] [exception.CHttpException.404] exception 'CHttpException' with message 'Unable to resolve the request "user/number/null".' in C:\xampp\htdocs\bloodDonationApp\protected\framework\web\CWebApplication.php:286
Stack trace:
#0 C:\xampp\htdocs\bloodDonationApp\protected\framework\web\CWebApplication.php(141): CWebApplication->runController('user/number/nul...')
#1 C:\xampp\htdocs\bloodDonationApp\protected\framework\base\CApplication.php(169): CWebApplication->processRequest()
#2 C:\xampp\htdocs\bloodDonationApp\index.php(13): CApplication->run()
#3 {main}
REQUEST_URI=/bloodDonationApp/index.php/user/number/null
HTTP_REFERER=http://localhost/bloodDonationApp/bdUi1/index.php
---
2015/05/13 08:32:15 [error] [exception.CHttpException.404] exception 'CHttpException' with message 'Unable to resolve the request "user/number/null".' in C:\xampp\htdocs\bloodDonationApp\protected\framework\web\CWebApplication.php:286
Stack trace:
#0 C:\xampp\htdocs\bloodDonationApp\protected\framework\web\CWebApplication.php(141): CWebApplication->runController('user/number/nul...')
#1 C:\xampp\htdocs\bloodDonationApp\protected\framework\base\CApplication.php(169): CWebApplication->processRequest()
#2 C:\xampp\htdocs\bloodDonationApp\index.php(13): CApplication->run()
#3 {main}
REQUEST_URI=/bloodDonationApp/index.php/user/number/null
HTTP_REFERER=http://localhost/bloodDonationApp/bdUi1/index.php
---
2015/05/13 08:51:19 [error] [exception.CHttpException.404] exception 'CHttpException' with message 'Unable to resolve the request "user/number/null".' in C:\xampp\htdocs\bloodDonationApp\protected\framework\web\CWebApplication.php:286
Stack trace:
#0 C:\xampp\htdocs\bloodDonationApp\protected\framework\web\CWebApplication.php(141): CWebApplication->runController('user/number/nul...')
#1 C:\xampp\htdocs\bloodDonationApp\protected\framework\base\CApplication.php(169): CWebApplication->processRequest()
#2 C:\xampp\htdocs\bloodDonationApp\index.php(13): CApplication->run()
#3 {main}
REQUEST_URI=/bloodDonationApp/index.php/user/number/null
HTTP_REFERER=http://localhost/bloodDonationApp/bdUi1/index.php
---
2015/05/13 08:52:35 [error] [exception.CHttpException.404] exception 'CHttpException' with message 'Unable to resolve the request "user/number/null".' in C:\xampp\htdocs\bloodDonationApp\protected\framework\web\CWebApplication.php:286
Stack trace:
#0 C:\xampp\htdocs\bloodDonationApp\protected\framework\web\CWebApplication.php(141): CWebApplication->runController('user/number/nul...')
#1 C:\xampp\htdocs\bloodDonationApp\protected\framework\base\CApplication.php(169): CWebApplication->processRequest()
#2 C:\xampp\htdocs\bloodDonationApp\index.php(13): CApplication->run()
#3 {main}
REQUEST_URI=/bloodDonationApp/index.php/user/number/null
HTTP_REFERER=http://localhost/bloodDonationApp/bdUi1/index.php
---
2015/05/13 08:54:18 [error] [exception.CHttpException.404] exception 'CHttpException' with message 'Unable to resolve the request "user/number/null".' in C:\xampp\htdocs\bloodDonationApp\protected\framework\web\CWebApplication.php:286
Stack trace:
#0 C:\xampp\htdocs\bloodDonationApp\protected\framework\web\CWebApplication.php(141): CWebApplication->runController('user/number/nul...')
#1 C:\xampp\htdocs\bloodDonationApp\protected\framework\base\CApplication.php(169): CWebApplication->processRequest()
#2 C:\xampp\htdocs\bloodDonationApp\index.php(13): CApplication->run()
#3 {main}
REQUEST_URI=/bloodDonationApp/index.php/user/number/null
HTTP_REFERER=http://localhost/bloodDonationApp/bdUi1/index.php
---
2015/05/13 08:56:52 [error] [exception.CHttpException.404] exception 'CHttpException' with message 'Unable to resolve the request "user/number/null".' in C:\xampp\htdocs\bloodDonationApp\protected\framework\web\CWebApplication.php:286
Stack trace:
#0 C:\xampp\htdocs\bloodDonationApp\protected\framework\web\CWebApplication.php(141): CWebApplication->runController('user/number/nul...')
#1 C:\xampp\htdocs\bloodDonationApp\protected\framework\base\CApplication.php(169): CWebApplication->processRequest()
#2 C:\xampp\htdocs\bloodDonationApp\index.php(13): CApplication->run()
#3 {main}
REQUEST_URI=/bloodDonationApp/index.php/user/number/null
HTTP_REFERER=http://localhost/bloodDonationApp/bdUi1/index.php
---
2015/05/13 09:08:39 [error] [exception.CHttpException.404] exception 'CHttpException' with message 'Unable to resolve the request "user/number/null".' in C:\xampp\htdocs\bloodDonationApp\protected\framework\web\CWebApplication.php:286
Stack trace:
#0 C:\xampp\htdocs\bloodDonationApp\protected\framework\web\CWebApplication.php(141): CWebApplication->runController('user/number/nul...')
#1 C:\xampp\htdocs\bloodDonationApp\protected\framework\base\CApplication.php(169): CWebApplication->processRequest()
#2 C:\xampp\htdocs\bloodDonationApp\index.php(13): CApplication->run()
#3 {main}
REQUEST_URI=/bloodDonationApp/index.php/user/number/null
HTTP_REFERER=http://localhost/bloodDonationApp/bdUi1/index.php
---
2015/05/13 09:08:49 [error] [exception.CHttpException.404] exception 'CHttpException' with message 'Unable to resolve the request "user/number/null".' in C:\xampp\htdocs\bloodDonationApp\protected\framework\web\CWebApplication.php:286
Stack trace:
#0 C:\xampp\htdocs\bloodDonationApp\protected\framework\web\CWebApplication.php(141): CWebApplication->runController('user/number/nul...')
#1 C:\xampp\htdocs\bloodDonationApp\protected\framework\base\CApplication.php(169): CWebApplication->processRequest()
#2 C:\xampp\htdocs\bloodDonationApp\index.php(13): CApplication->run()
#3 {main}
REQUEST_URI=/bloodDonationApp/index.php/user/number/null
HTTP_REFERER=http://localhost/bloodDonationApp/bdUi1/index.php
---
2015/05/13 09:11:18 [error] [exception.CHttpException.404] exception 'CHttpException' with message 'Unable to resolve the request "user/number/null".' in C:\xampp\htdocs\bloodDonationApp\protected\framework\web\CWebApplication.php:286
Stack trace:
#0 C:\xampp\htdocs\bloodDonationApp\protected\framework\web\CWebApplication.php(141): CWebApplication->runController('user/number/nul...')
#1 C:\xampp\htdocs\bloodDonationApp\protected\framework\base\CApplication.php(169): CWebApplication->processRequest()
#2 C:\xampp\htdocs\bloodDonationApp\index.php(13): CApplication->run()
#3 {main}
REQUEST_URI=/bloodDonationApp/index.php/user/number/null
HTTP_REFERER=http://localhost/bloodDonationApp/bdUi1/index.php
---
2015/05/13 09:12:49 [error] [exception.CHttpException.404] exception 'CHttpException' with message 'Unable to resolve the request "user/number/null".' in C:\xampp\htdocs\bloodDonationApp\protected\framework\web\CWebApplication.php:286
Stack trace:
#0 C:\xampp\htdocs\bloodDonationApp\protected\framework\web\CWebApplication.php(141): CWebApplication->runController('user/number/nul...')
#1 C:\xampp\htdocs\bloodDonationApp\protected\framework\base\CApplication.php(169): CWebApplication->processRequest()
#2 C:\xampp\htdocs\bloodDonationApp\index.php(13): CApplication->run()
#3 {main}
REQUEST_URI=/bloodDonationApp/index.php/user/number/null
HTTP_REFERER=http://localhost/bloodDonationApp/bdUi1/index.php
---
2015/05/13 09:13:41 [error] [exception.CHttpException.404] exception 'CHttpException' with message 'Unable to resolve the request "user/number/null".' in C:\xampp\htdocs\bloodDonationApp\protected\framework\web\CWebApplication.php:286
Stack trace:
#0 C:\xampp\htdocs\bloodDonationApp\protected\framework\web\CWebApplication.php(141): CWebApplication->runController('user/number/nul...')
#1 C:\xampp\htdocs\bloodDonationApp\protected\framework\base\CApplication.php(169): CWebApplication->processRequest()
#2 C:\xampp\htdocs\bloodDonationApp\index.php(13): CApplication->run()
#3 {main}
REQUEST_URI=/bloodDonationApp/index.php/user/number/null
HTTP_REFERER=http://localhost/bloodDonationApp/bdUi1/index.php
---
2015/05/13 09:48:59 [error] [exception.CHttpException.404] exception 'CHttpException' with message 'Unable to resolve the request "user/number/null".' in C:\xampp\htdocs\bloodDonationApp\protected\framework\web\CWebApplication.php:286
Stack trace:
#0 C:\xampp\htdocs\bloodDonationApp\protected\framework\web\CWebApplication.php(141): CWebApplication->runController('user/number/nul...')
#1 C:\xampp\htdocs\bloodDonationApp\protected\framework\base\CApplication.php(169): CWebApplication->processRequest()
#2 C:\xampp\htdocs\bloodDonationApp\index.php(13): CApplication->run()
#3 {main}
REQUEST_URI=/bloodDonationApp/index.php/user/number/null
HTTP_REFERER=http://localhost/bloodDonationApp/bdUi1/index.php
---
2015/05/13 09:49:33 [error] [exception.CHttpException.404] exception 'CHttpException' with message 'Unable to resolve the request "user/number/null".' in C:\xampp\htdocs\bloodDonationApp\protected\framework\web\CWebApplication.php:286
Stack trace:
#0 C:\xampp\htdocs\bloodDonationApp\protected\framework\web\CWebApplication.php(141): CWebApplication->runController('user/number/nul...')
#1 C:\xampp\htdocs\bloodDonationApp\protected\framework\base\CApplication.php(169): CWebApplication->processRequest()
#2 C:\xampp\htdocs\bloodDonationApp\index.php(13): CApplication->run()
#3 {main}
REQUEST_URI=/bloodDonationApp/index.php/user/number/null
HTTP_REFERER=http://localhost/bloodDonationApp/bdUi1/index.php
---
2015/05/13 09:50:03 [error] [exception.CHttpException.404] exception 'CHttpException' with message 'Unable to resolve the request "user/number/null".' in C:\xampp\htdocs\bloodDonationApp\protected\framework\web\CWebApplication.php:286
Stack trace:
#0 C:\xampp\htdocs\bloodDonationApp\protected\framework\web\CWebApplication.php(141): CWebApplication->runController('user/number/nul...')
#1 C:\xampp\htdocs\bloodDonationApp\protected\framework\base\CApplication.php(169): CWebApplication->processRequest()
#2 C:\xampp\htdocs\bloodDonationApp\index.php(13): CApplication->run()
#3 {main}
REQUEST_URI=/bloodDonationApp/index.php/user/number/null
HTTP_REFERER=http://localhost/bloodDonationApp/bdUi1/index.php
---
2015/05/13 09:52:06 [error] [exception.CHttpException.404] exception 'CHttpException' with message 'Unable to resolve the request "user/number/null".' in C:\xampp\htdocs\bloodDonationApp\protected\framework\web\CWebApplication.php:286
Stack trace:
#0 C:\xampp\htdocs\bloodDonationApp\protected\framework\web\CWebApplication.php(141): CWebApplication->runController('user/number/nul...')
#1 C:\xampp\htdocs\bloodDonationApp\protected\framework\base\CApplication.php(169): CWebApplication->processRequest()
#2 C:\xampp\htdocs\bloodDonationApp\index.php(13): CApplication->run()
#3 {main}
REQUEST_URI=/bloodDonationApp/index.php/user/number/null
HTTP_REFERER=http://localhost/bloodDonationApp/bdUi1/index.php
---
2015/05/13 10:02:47 [error] [exception.CHttpException.404] exception 'CHttpException' with message 'Unable to resolve the request "user/number/null".' in C:\xampp\htdocs\bloodDonationApp\protected\framework\web\CWebApplication.php:286
Stack trace:
#0 C:\xampp\htdocs\bloodDonationApp\protected\framework\web\CWebApplication.php(141): CWebApplication->runController('user/number/nul...')
#1 C:\xampp\htdocs\bloodDonationApp\protected\framework\base\CApplication.php(169): CWebApplication->processRequest()
#2 C:\xampp\htdocs\bloodDonationApp\index.php(13): CApplication->run()
#3 {main}
REQUEST_URI=/bloodDonationApp/index.php/user/number/null
HTTP_REFERER=http://localhost/bloodDonationApp/bdUi1/index.php
---
2015/05/13 10:03:19 [error] [exception.CHttpException.404] exception 'CHttpException' with message 'Unable to resolve the request "user/number/null".' in C:\xampp\htdocs\bloodDonationApp\protected\framework\web\CWebApplication.php:286
Stack trace:
#0 C:\xampp\htdocs\bloodDonationApp\protected\framework\web\CWebApplication.php(141): CWebApplication->runController('user/number/nul...')
#1 C:\xampp\htdocs\bloodDonationApp\protected\framework\base\CApplication.php(169): CWebApplication->processRequest()
#2 C:\xampp\htdocs\bloodDonationApp\index.php(13): CApplication->run()
#3 {main}
REQUEST_URI=/bloodDonationApp/index.php/user/number/null
HTTP_REFERER=http://localhost/bloodDonationApp/bdUi1/index.php
---
2015/05/13 10:03:30 [error] [exception.CHttpException.404] exception 'CHttpException' with message 'Unable to resolve the request "user/number/null".' in C:\xampp\htdocs\bloodDonationApp\protected\framework\web\CWebApplication.php:286
Stack trace:
#0 C:\xampp\htdocs\bloodDonationApp\protected\framework\web\CWebApplication.php(141): CWebApplication->runController('user/number/nul...')
#1 C:\xampp\htdocs\bloodDonationApp\protected\framework\base\CApplication.php(169): CWebApplication->processRequest()
#2 C:\xampp\htdocs\bloodDonationApp\index.php(13): CApplication->run()
#3 {main}
REQUEST_URI=/bloodDonationApp/index.php/user/number/null
HTTP_REFERER=http://localhost/bloodDonationApp/bdUi1/index.php
---
2015/05/13 10:04:51 [error] [exception.CHttpException.404] exception 'CHttpException' with message 'Unable to resolve the request "user/number/null".' in C:\xampp\htdocs\bloodDonationApp\protected\framework\web\CWebApplication.php:286
Stack trace:
#0 C:\xampp\htdocs\bloodDonationApp\protected\framework\web\CWebApplication.php(141): CWebApplication->runController('user/number/nul...')
#1 C:\xampp\htdocs\bloodDonationApp\protected\framework\base\CApplication.php(169): CWebApplication->processRequest()
#2 C:\xampp\htdocs\bloodDonationApp\index.php(13): CApplication->run()
#3 {main}
REQUEST_URI=/bloodDonationApp/index.php/user/number/null
HTTP_REFERER=http://localhost/bloodDonationApp/bdUi1/index.php
---
2015/05/13 10:05:37 [error] [exception.CHttpException.404] exception 'CHttpException' with message 'Unable to resolve the request "user/number/null".' in C:\xampp\htdocs\bloodDonationApp\protected\framework\web\CWebApplication.php:286
Stack trace:
#0 C:\xampp\htdocs\bloodDonationApp\protected\framework\web\CWebApplication.php(141): CWebApplication->runController('user/number/nul...')
#1 C:\xampp\htdocs\bloodDonationApp\protected\framework\base\CApplication.php(169): CWebApplication->processRequest()
#2 C:\xampp\htdocs\bloodDonationApp\index.php(13): CApplication->run()
#3 {main}
REQUEST_URI=/bloodDonationApp/index.php/user/number/null
HTTP_REFERER=http://localhost/bloodDonationApp/bdUi1/index.php
---
2015/05/13 10:06:01 [error] [exception.CHttpException.404] exception 'CHttpException' with message 'Unable to resolve the request "user/number/null".' in C:\xampp\htdocs\bloodDonationApp\protected\framework\web\CWebApplication.php:286
Stack trace:
#0 C:\xampp\htdocs\bloodDonationApp\protected\framework\web\CWebApplication.php(141): CWebApplication->runController('user/number/nul...')
#1 C:\xampp\htdocs\bloodDonationApp\protected\framework\base\CApplication.php(169): CWebApplication->processRequest()
#2 C:\xampp\htdocs\bloodDonationApp\index.php(13): CApplication->run()
#3 {main}
REQUEST_URI=/bloodDonationApp/index.php/user/number/null
HTTP_REFERER=http://localhost/bloodDonationApp/bdUi1/index.php
---
2015/05/13 10:06:39 [error] [exception.CHttpException.404] exception 'CHttpException' with message 'Unable to resolve the request "user/number/null".' in C:\xampp\htdocs\bloodDonationApp\protected\framework\web\CWebApplication.php:286
Stack trace:
#0 C:\xampp\htdocs\bloodDonationApp\protected\framework\web\CWebApplication.php(141): CWebApplication->runController('user/number/nul...')
#1 C:\xampp\htdocs\bloodDonationApp\protected\framework\base\CApplication.php(169): CWebApplication->processRequest()
#2 C:\xampp\htdocs\bloodDonationApp\index.php(13): CApplication->run()
#3 {main}
REQUEST_URI=/bloodDonationApp/index.php/user/number/null
HTTP_REFERER=http://localhost/bloodDonationApp/bdUi1/index.php
---
2015/05/13 10:09:56 [error] [exception.CHttpException.404] exception 'CHttpException' with message 'Unable to resolve the request "user/number/null".' in C:\xampp\htdocs\bloodDonationApp\protected\framework\web\CWebApplication.php:286
Stack trace:
#0 C:\xampp\htdocs\bloodDonationApp\protected\framework\web\CWebApplication.php(141): CWebApplication->runController('user/number/nul...')
#1 C:\xampp\htdocs\bloodDonationApp\protected\framework\base\CApplication.php(169): CWebApplication->processRequest()
#2 C:\xampp\htdocs\bloodDonationApp\index.php(13): CApplication->run()
#3 {main}
REQUEST_URI=/bloodDonationApp/index.php/user/number/null
HTTP_REFERER=http://localhost/bloodDonationApp/bdUi1/index.php
---
2015/05/13 10:10:08 [error] [exception.CHttpException.404] exception 'CHttpException' with message 'Unable to resolve the request "user/number/null".' in C:\xampp\htdocs\bloodDonationApp\protected\framework\web\CWebApplication.php:286
Stack trace:
#0 C:\xampp\htdocs\bloodDonationApp\protected\framework\web\CWebApplication.php(141): CWebApplication->runController('user/number/nul...')
#1 C:\xampp\htdocs\bloodDonationApp\protected\framework\base\CApplication.php(169): CWebApplication->processRequest()
#2 C:\xampp\htdocs\bloodDonationApp\index.php(13): CApplication->run()
#3 {main}
REQUEST_URI=/bloodDonationApp/index.php/user/number/null
HTTP_REFERER=http://localhost/bloodDonationApp/bdUi1/index.php
---
2015/05/13 10:11:09 [error] [exception.CHttpException.404] exception 'CHttpException' with message 'Unable to resolve the request "user/number/null".' in C:\xampp\htdocs\bloodDonationApp\protected\framework\web\CWebApplication.php:286
Stack trace:
#0 C:\xampp\htdocs\bloodDonationApp\protected\framework\web\CWebApplication.php(141): CWebApplication->runController('user/number/nul...')
#1 C:\xampp\htdocs\bloodDonationApp\protected\framework\base\CApplication.php(169): CWebApplication->processRequest()
#2 C:\xampp\htdocs\bloodDonationApp\index.php(13): CApplication->run()
#3 {main}
REQUEST_URI=/bloodDonationApp/index.php/user/number/null
HTTP_REFERER=http://localhost/bloodDonationApp/bdUi1/index.php
---
2015/05/13 10:11:14 [error] [exception.CHttpException.404] exception 'CHttpException' with message 'Unable to resolve the request "user/number/null".' in C:\xampp\htdocs\bloodDonationApp\protected\framework\web\CWebApplication.php:286
Stack trace:
#0 C:\xampp\htdocs\bloodDonationApp\protected\framework\web\CWebApplication.php(141): CWebApplication->runController('user/number/nul...')
#1 C:\xampp\htdocs\bloodDonationApp\protected\framework\base\CApplication.php(169): CWebApplication->processRequest()
#2 C:\xampp\htdocs\bloodDonationApp\index.php(13): CApplication->run()
#3 {main}
REQUEST_URI=/bloodDonationApp/index.php/user/number/null
HTTP_REFERER=http://localhost/bloodDonationApp/bdUi1/index.php
---
2015/05/13 10:11:47 [error] [exception.CHttpException.404] exception 'CHttpException' with message 'Unable to resolve the request "user/number/null".' in C:\xampp\htdocs\bloodDonationApp\protected\framework\web\CWebApplication.php:286
Stack trace:
#0 C:\xampp\htdocs\bloodDonationApp\protected\framework\web\CWebApplication.php(141): CWebApplication->runController('user/number/nul...')
#1 C:\xampp\htdocs\bloodDonationApp\protected\framework\base\CApplication.php(169): CWebApplication->processRequest()
#2 C:\xampp\htdocs\bloodDonationApp\index.php(13): CApplication->run()
#3 {main}
REQUEST_URI=/bloodDonationApp/index.php/user/number/null
HTTP_REFERER=http://localhost/bloodDonationApp/bdUi1/index.php
---
2015/05/13 10:12:08 [error] [exception.CHttpException.404] exception 'CHttpException' with message 'Unable to resolve the request "user/number/null".' in C:\xampp\htdocs\bloodDonationApp\protected\framework\web\CWebApplication.php:286
Stack trace:
#0 C:\xampp\htdocs\bloodDonationApp\protected\framework\web\CWebApplication.php(141): CWebApplication->runController('user/number/nul...')
#1 C:\xampp\htdocs\bloodDonationApp\protected\framework\base\CApplication.php(169): CWebApplication->processRequest()
#2 C:\xampp\htdocs\bloodDonationApp\index.php(13): CApplication->run()
#3 {main}
REQUEST_URI=/bloodDonationApp/index.php/user/number/null
HTTP_REFERER=http://localhost/bloodDonationApp/bdUi1/index.php
---
2015/05/13 10:12:29 [error] [exception.CHttpException.404] exception 'CHttpException' with message 'Unable to resolve the request "user/number/null".' in C:\xampp\htdocs\bloodDonationApp\protected\framework\web\CWebApplication.php:286
Stack trace:
#0 C:\xampp\htdocs\bloodDonationApp\protected\framework\web\CWebApplication.php(141): CWebApplication->runController('user/number/nul...')
#1 C:\xampp\htdocs\bloodDonationApp\protected\framework\base\CApplication.php(169): CWebApplication->processRequest()
#2 C:\xampp\htdocs\bloodDonationApp\index.php(13): CApplication->run()
#3 {main}
REQUEST_URI=/bloodDonationApp/index.php/user/number/null
HTTP_REFERER=http://localhost/bloodDonationApp/bdUi1/index.php
---
2015/05/13 10:12:43 [error] [exception.CHttpException.404] exception 'CHttpException' with message 'Unable to resolve the request "user/number/null".' in C:\xampp\htdocs\bloodDonationApp\protected\framework\web\CWebApplication.php:286
Stack trace:
#0 C:\xampp\htdocs\bloodDonationApp\protected\framework\web\CWebApplication.php(141): CWebApplication->runController('user/number/nul...')
#1 C:\xampp\htdocs\bloodDonationApp\protected\framework\base\CApplication.php(169): CWebApplication->processRequest()
#2 C:\xampp\htdocs\bloodDonationApp\index.php(13): CApplication->run()
#3 {main}
REQUEST_URI=/bloodDonationApp/index.php/user/number/null
HTTP_REFERER=http://localhost/bloodDonationApp/bdUi1/index.php
---
2015/05/13 10:13:46 [error] [exception.CHttpException.404] exception 'CHttpException' with message 'Unable to resolve the request "user/number/null".' in C:\xampp\htdocs\bloodDonationApp\protected\framework\web\CWebApplication.php:286
Stack trace:
#0 C:\xampp\htdocs\bloodDonationApp\protected\framework\web\CWebApplication.php(141): CWebApplication->runController('user/number/nul...')
#1 C:\xampp\htdocs\bloodDonationApp\protected\framework\base\CApplication.php(169): CWebApplication->processRequest()
#2 C:\xampp\htdocs\bloodDonationApp\index.php(13): CApplication->run()
#3 {main}
REQUEST_URI=/bloodDonationApp/index.php/user/number/null
HTTP_REFERER=http://localhost/bloodDonationApp/bdUi1/index.php
---
2015/05/13 10:13:57 [error] [exception.CHttpException.404] exception 'CHttpException' with message 'Unable to resolve the request "user/number/null".' in C:\xampp\htdocs\bloodDonationApp\protected\framework\web\CWebApplication.php:286
Stack trace:
#0 C:\xampp\htdocs\bloodDonationApp\protected\framework\web\CWebApplication.php(141): CWebApplication->runController('user/number/nul...')
#1 C:\xampp\htdocs\bloodDonationApp\protected\framework\base\CApplication.php(169): CWebApplication->processRequest()
#2 C:\xampp\htdocs\bloodDonationApp\index.php(13): CApplication->run()
#3 {main}
REQUEST_URI=/bloodDonationApp/index.php/user/number/null
HTTP_REFERER=http://localhost/bloodDonationApp/bdUi1/index.php
---
2015/05/13 10:14:38 [error] [exception.CHttpException.404] exception 'CHttpException' with message 'Unable to resolve the request "user/number/null".' in C:\xampp\htdocs\bloodDonationApp\protected\framework\web\CWebApplication.php:286
Stack trace:
#0 C:\xampp\htdocs\bloodDonationApp\protected\framework\web\CWebApplication.php(141): CWebApplication->runController('user/number/nul...')
#1 C:\xampp\htdocs\bloodDonationApp\protected\framework\base\CApplication.php(169): CWebApplication->processRequest()
#2 C:\xampp\htdocs\bloodDonationApp\index.php(13): CApplication->run()
#3 {main}
REQUEST_URI=/bloodDonationApp/index.php/user/number/null
HTTP_REFERER=http://localhost/bloodDonationApp/bdUi1/index.php
---
2015/05/13 10:17:00 [error] [exception.CHttpException.404] exception 'CHttpException' with message 'Unable to resolve the request "user/number/null".' in C:\xampp\htdocs\bloodDonationApp\protected\framework\web\CWebApplication.php:286
Stack trace:
#0 C:\xampp\htdocs\bloodDonationApp\protected\framework\web\CWebApplication.php(141): CWebApplication->runController('user/number/nul...')
#1 C:\xampp\htdocs\bloodDonationApp\protected\framework\base\CApplication.php(169): CWebApplication->processRequest()
#2 C:\xampp\htdocs\bloodDonationApp\index.php(13): CApplication->run()
#3 {main}
REQUEST_URI=/bloodDonationApp/index.php/user/number/null
HTTP_REFERER=http://localhost/bloodDonationApp/bdUi1/index.php
---
2015/05/13 10:21:32 [error] [exception.CHttpException.404] exception 'CHttpException' with message 'Unable to resolve the request "user/number/null".' in C:\xampp\htdocs\bloodDonationApp\protected\framework\web\CWebApplication.php:286
Stack trace:
#0 C:\xampp\htdocs\bloodDonationApp\protected\framework\web\CWebApplication.php(141): CWebApplication->runController('user/number/nul...')
#1 C:\xampp\htdocs\bloodDonationApp\protected\framework\base\CApplication.php(169): CWebApplication->processRequest()
#2 C:\xampp\htdocs\bloodDonationApp\index.php(13): CApplication->run()
#3 {main}
REQUEST_URI=/bloodDonationApp/index.php/user/number/null
HTTP_REFERER=http://localhost/bloodDonationApp/bdUi1/index.php
---
2015/05/13 10:22:18 [error] [exception.CHttpException.404] exception 'CHttpException' with message 'Unable to resolve the request "user/number/null".' in C:\xampp\htdocs\bloodDonationApp\protected\framework\web\CWebApplication.php:286
Stack trace:
#0 C:\xampp\htdocs\bloodDonationApp\protected\framework\web\CWebApplication.php(141): CWebApplication->runController('user/number/nul...')
#1 C:\xampp\htdocs\bloodDonationApp\protected\framework\base\CApplication.php(169): CWebApplication->processRequest()
#2 C:\xampp\htdocs\bloodDonationApp\index.php(13): CApplication->run()
#3 {main}
REQUEST_URI=/bloodDonationApp/index.php/user/number/null
HTTP_REFERER=http://localhost/bloodDonationApp/bdUi1/index.php
---
2015/05/13 10:22:45 [error] [exception.CHttpException.404] exception 'CHttpException' with message 'Unable to resolve the request "user/number/null".' in C:\xampp\htdocs\bloodDonationApp\protected\framework\web\CWebApplication.php:286
Stack trace:
#0 C:\xampp\htdocs\bloodDonationApp\protected\framework\web\CWebApplication.php(141): CWebApplication->runController('user/number/nul...')
#1 C:\xampp\htdocs\bloodDonationApp\protected\framework\base\CApplication.php(169): CWebApplication->processRequest()
#2 C:\xampp\htdocs\bloodDonationApp\index.php(13): CApplication->run()
#3 {main}
REQUEST_URI=/bloodDonationApp/index.php/user/number/null
HTTP_REFERER=http://localhost/bloodDonationApp/bdUi1/index.php
---
2015/05/13 10:22:56 [error] [exception.CHttpException.404] exception 'CHttpException' with message 'Unable to resolve the request "user/number/null".' in C:\xampp\htdocs\bloodDonationApp\protected\framework\web\CWebApplication.php:286
Stack trace:
#0 C:\xampp\htdocs\bloodDonationApp\protected\framework\web\CWebApplication.php(141): CWebApplication->runController('user/number/nul...')
#1 C:\xampp\htdocs\bloodDonationApp\protected\framework\base\CApplication.php(169): CWebApplication->processRequest()
#2 C:\xampp\htdocs\bloodDonationApp\index.php(13): CApplication->run()
#3 {main}
REQUEST_URI=/bloodDonationApp/index.php/user/number/null
HTTP_REFERER=http://localhost/bloodDonationApp/bdUi1/index.php
---
2015/05/13 10:24:02 [error] [exception.CHttpException.404] exception 'CHttpException' with message 'Unable to resolve the request "user/number/null".' in C:\xampp\htdocs\bloodDonationApp\protected\framework\web\CWebApplication.php:286
Stack trace:
#0 C:\xampp\htdocs\bloodDonationApp\protected\framework\web\CWebApplication.php(141): CWebApplication->runController('user/number/nul...')
#1 C:\xampp\htdocs\bloodDonationApp\protected\framework\base\CApplication.php(169): CWebApplication->processRequest()
#2 C:\xampp\htdocs\bloodDonationApp\index.php(13): CApplication->run()
#3 {main}
REQUEST_URI=/bloodDonationApp/index.php/user/number/null
HTTP_REFERER=http://localhost/bloodDonationApp/bdUi1/index.php
---
2015/05/13 10:25:46 [error] [exception.CHttpException.404] exception 'CHttpException' with message 'Unable to resolve the request "user/number/null".' in C:\xampp\htdocs\bloodDonationApp\protected\framework\web\CWebApplication.php:286
Stack trace:
#0 C:\xampp\htdocs\bloodDonationApp\protected\framework\web\CWebApplication.php(141): CWebApplication->runController('user/number/nul...')
#1 C:\xampp\htdocs\bloodDonationApp\protected\framework\base\CApplication.php(169): CWebApplication->processRequest()
#2 C:\xampp\htdocs\bloodDonationApp\index.php(13): CApplication->run()
#3 {main}
REQUEST_URI=/bloodDonationApp/index.php/user/number/null
HTTP_REFERER=http://localhost/bloodDonationApp/bdUi1/index.php
---
2015/05/13 10:26:41 [error] [exception.CHttpException.404] exception 'CHttpException' with message 'Unable to resolve the request "user/number/null".' in C:\xampp\htdocs\bloodDonationApp\protected\framework\web\CWebApplication.php:286
Stack trace:
#0 C:\xampp\htdocs\bloodDonationApp\protected\framework\web\CWebApplication.php(141): CWebApplication->runController('user/number/nul...')
#1 C:\xampp\htdocs\bloodDonationApp\protected\framework\base\CApplication.php(169): CWebApplication->processRequest()
#2 C:\xampp\htdocs\bloodDonationApp\index.php(13): CApplication->run()
#3 {main}
REQUEST_URI=/bloodDonationApp/index.php/user/number/null
HTTP_REFERER=http://localhost/bloodDonationApp/bdUi1/index.php
---
2015/05/13 10:29:26 [error] [exception.CHttpException.404] exception 'CHttpException' with message 'Unable to resolve the request "user/number/null".' in C:\xampp\htdocs\bloodDonationApp\protected\framework\web\CWebApplication.php:286
Stack trace:
#0 C:\xampp\htdocs\bloodDonationApp\protected\framework\web\CWebApplication.php(141): CWebApplication->runController('user/number/nul...')
#1 C:\xampp\htdocs\bloodDonationApp\protected\framework\base\CApplication.php(169): CWebApplication->processRequest()
#2 C:\xampp\htdocs\bloodDonationApp\index.php(13): CApplication->run()
#3 {main}
REQUEST_URI=/bloodDonationApp/index.php/user/number/null
HTTP_REFERER=http://localhost/bloodDonationApp/bdUi1/index.php
---
2015/05/13 10:30:50 [error] [exception.CHttpException.404] exception 'CHttpException' with message 'Unable to resolve the request "user/number/null".' in C:\xampp\htdocs\bloodDonationApp\protected\framework\web\CWebApplication.php:286
Stack trace:
#0 C:\xampp\htdocs\bloodDonationApp\protected\framework\web\CWebApplication.php(141): CWebApplication->runController('user/number/nul...')
#1 C:\xampp\htdocs\bloodDonationApp\protected\framework\base\CApplication.php(169): CWebApplication->processRequest()
#2 C:\xampp\htdocs\bloodDonationApp\index.php(13): CApplication->run()
#3 {main}
REQUEST_URI=/bloodDonationApp/index.php/user/number/null
HTTP_REFERER=http://localhost/bloodDonationApp/bdUi1/index.php
---
2015/05/13 10:31:53 [error] [exception.CHttpException.404] exception 'CHttpException' with message 'Unable to resolve the request "user/number/null".' in C:\xampp\htdocs\bloodDonationApp\protected\framework\web\CWebApplication.php:286
Stack trace:
#0 C:\xampp\htdocs\bloodDonationApp\protected\framework\web\CWebApplication.php(141): CWebApplication->runController('user/number/nul...')
#1 C:\xampp\htdocs\bloodDonationApp\protected\framework\base\CApplication.php(169): CWebApplication->processRequest()
#2 C:\xampp\htdocs\bloodDonationApp\index.php(13): CApplication->run()
#3 {main}
REQUEST_URI=/bloodDonationApp/index.php/user/number/null
HTTP_REFERER=http://localhost/bloodDonationApp/bdUi1/index.php
---
2015/05/13 10:32:26 [error] [exception.CHttpException.404] exception 'CHttpException' with message 'Unable to resolve the request "user/number/null".' in C:\xampp\htdocs\bloodDonationApp\protected\framework\web\CWebApplication.php:286
Stack trace:
#0 C:\xampp\htdocs\bloodDonationApp\protected\framework\web\CWebApplication.php(141): CWebApplication->runController('user/number/nul...')
#1 C:\xampp\htdocs\bloodDonationApp\protected\framework\base\CApplication.php(169): CWebApplication->processRequest()
#2 C:\xampp\htdocs\bloodDonationApp\index.php(13): CApplication->run()
#3 {main}
REQUEST_URI=/bloodDonationApp/index.php/user/number/null
HTTP_REFERER=http://localhost/bloodDonationApp/bdUi1/index.php
---
2015/05/13 10:33:08 [error] [exception.CHttpException.404] exception 'CHttpException' with message 'Unable to resolve the request "user/number/null".' in C:\xampp\htdocs\bloodDonationApp\protected\framework\web\CWebApplication.php:286
Stack trace:
#0 C:\xampp\htdocs\bloodDonationApp\protected\framework\web\CWebApplication.php(141): CWebApplication->runController('user/number/nul...')
#1 C:\xampp\htdocs\bloodDonationApp\protected\framework\base\CApplication.php(169): CWebApplication->processRequest()
#2 C:\xampp\htdocs\bloodDonationApp\index.php(13): CApplication->run()
#3 {main}
REQUEST_URI=/bloodDonationApp/index.php/user/number/null
HTTP_REFERER=http://localhost/bloodDonationApp/bdUi1/index.php
---
2015/05/13 11:15:18 [error] [exception.CHttpException.404] exception 'CHttpException' with message 'Unable to resolve the request "user/number/null".' in C:\xampp\htdocs\bloodDonationApp\protected\framework\web\CWebApplication.php:286
Stack trace:
#0 C:\xampp\htdocs\bloodDonationApp\protected\framework\web\CWebApplication.php(141): CWebApplication->runController('user/number/nul...')
#1 C:\xampp\htdocs\bloodDonationApp\protected\framework\base\CApplication.php(169): CWebApplication->processRequest()
#2 C:\xampp\htdocs\bloodDonationApp\index.php(13): CApplication->run()
#3 {main}
REQUEST_URI=/bloodDonationApp/index.php/user/number/null
HTTP_REFERER=http://localhost/bloodDonationApp/bdUi1/index.php
---
